Using pre-set license
Built from '2021.2/staging' branch; Version is '2021.2.6f1 (8c4e826ba445) revision 9195138'; Using compiler version '192829333'; Build Type 'Release'
OS: 'Windows 10  (10.0.19043) 64bit Core' Language: 'ru' Physical Memory: 16326 MB
BatchMode: 1, IsHumanControllingUs: 0, StartBugReporterOnCrash: 0, Is64bit: 1, IsPro: 0

COMMAND LINE ARGUMENTS:
D:\Unity Editors\2021.2.6f1\Editor\Unity.exe
-adb2
-batchMode
-noUpm
-name
AssetImportWorker1
-projectPath
D:/Git/DinoRun/DinoRun
-logFile
Logs/AssetImportWorker1.log
-srvPort
60817
Successfully changed project path to: D:/Git/DinoRun/DinoRun
D:/Git/DinoRun/DinoRun
[UnityMemory] Configuration Parameters - Can be set up in boot.config
    "memorysetup-bucket-allocator-granularity=16"
    "memorysetup-bucket-allocator-bucket-count=8"
    "memorysetup-bucket-allocator-block-size=33554432"
    "memorysetup-bucket-allocator-block-count=8"
    "memorysetup-main-allocator-block-size=16777216"
    "memorysetup-thread-allocator-block-size=16777216"
    "memorysetup-gfx-main-allocator-block-size=16777216"
    "memorysetup-gfx-thread-allocator-block-size=16777216"
    "memorysetup-cache-allocator-block-size=4194304"
    "memorysetup-typetree-allocator-block-size=2097152"
    "memorysetup-profiler-bucket-allocator-granularity=16"
    "memorysetup-profiler-bucket-allocator-bucket-count=8"
    "memorysetup-profiler-bucket-allocator-block-size=33554432"
    "memorysetup-profiler-bucket-allocator-block-count=8"
    "memorysetup-profiler-allocator-block-size=16777216"
    "memorysetup-profiler-editor-allocator-block-size=1048576"
    "memorysetup-temp-allocator-size-main=16777216"
    "memorysetup-job-temp-allocator-block-size=2097152"
    "memorysetup-job-temp-allocator-block-size-background=1048576"
    "memorysetup-job-temp-allocator-reduction-small-platforms=262144"
    "memorysetup-temp-allocator-size-background-worker=32768"
    "memorysetup-temp-allocator-size-job-worker=262144"
    "memorysetup-temp-allocator-size-preload-manager=33554432"
    "memorysetup-temp-allocator-size-nav-mesh-worker=65536"
    "memorysetup-temp-allocator-size-audio-worker=65536"
    "memorysetup-temp-allocator-size-cloud-worker=32768"
    "memorysetup-temp-allocator-size-gi-baking-worker=262144"
    "memorysetup-temp-allocator-size-gfx=262144"
Refreshing native plugins compatible for Editor in 206.97 ms, found 3 plugins.
Preloading 0 native plugins for Editor in 0.00 ms.
Initialize engine version: 2021.2.6f1 (8c4e826ba445)
[Subsystems] Discovering subsystems at path D:/Unity Editors/2021.2.6f1/Editor/Data/Resources/UnitySubsystems
[Subsystems] Discovering subsystems at path D:/Git/DinoRun/DinoRun/Assets
GfxDevice: creating device client; threaded=0; jobified=0
Direct3D:
    Version:  Direct3D 11.0 [level 11.0]
    Renderer: NVIDIA GeForce GT 730 (ID=0x1287)
    Vendor:   NVIDIA
    VRAM:     984 MB
    Driver:   27.21.14.5671
Initialize mono
Mono path[0] = 'D:/Unity Editors/2021.2.6f1/Editor/Data/Managed'
Mono path[1] = 'D:/Unity Editors/2021.2.6f1/Editor/Data/MonoBleedingEdge/lib/mono/unityjit-win32'
Mono config path = 'D:/Unity Editors/2021.2.6f1/Editor/Data/MonoBleedingEdge/etc'
Using monoOptions --debugger-agent=transport=dt_socket,embedding=1,server=y,suspend=n,address=127.0.0.1:56160
Begin MonoManager ReloadAssembly
Registering precompiled unity dll's ...
Register platform support module: D:/Unity Editors/2021.2.6f1/Editor/Data/PlaybackEngines/WindowsStandaloneSupport/UnityEditor.WindowsStandalone.Extensions.dll
Registered in 0.004204 seconds.
Native extension for WindowsStandalone target not found
Refreshing native plugins compatible for Editor in 210.34 ms, found 3 plugins.
Preloading 0 native plugins for Editor in 0.00 ms.
Mono: successfully reloaded assembly
- Completed reload, in  1.237 seconds
Domain Reload Profiling:
	ReloadAssembly (1238ms)
		BeginReloadAssembly (96ms)
			ExecutionOrderSort (0ms)
			DisableScriptedObjects (0ms)
			BackupInstance (0ms)
			ReleaseScriptingObjects (0ms)
			CreateAndSetChildDomain (1ms)
		EndReloadAssembly (1028ms)
			LoadAssemblies (95ms)
			RebuildTransferFunctionScriptingTraits (0ms)
			SetupTypeCache (244ms)
			ReleaseScriptCaches (0ms)
			RebuildScriptCaches (92ms)
			SetupLoadedEditorAssemblies (586ms)
				LogAssemblyErrors (0ms)
				InitializePlatformSupportModulesInManaged (28ms)
				SetLoadedEditorAssemblies (1ms)
				RefreshPlugins (210ms)
				BeforeProcessingInitializeOnLoad (2ms)
				ProcessInitializeOnLoadAttributes (269ms)
				ProcessInitializeOnLoadMethodAttributes (75ms)
				AfterProcessingInitializeOnLoad (0ms)
				EditorAssembliesLoaded (0ms)
			ExecutionOrderSort2 (0ms)
			AwakeInstancesAfterBackupRestoration (0ms)
Platform modules already initialized, skipping
Registering precompiled user dll's ...
Registered in 0.007731 seconds.
Begin MonoManager ReloadAssembly
Symbol file LoadedFromMemory doesn't match image D:\Git\DinoRun\DinoRun\Library\PackageCache\com.unity.visualscripting@1.7.5\Editor\VisualScripting.Core\Dependencies\YamlDotNet\Unity.VisualScripting.YamlDotNet.dll
Symbol file LoadedFromMemory doesn't match image D:\Git\DinoRun\DinoRun\Library\PackageCache\com.unity.visualscripting@1.7.5\Editor\VisualScripting.Core\Dependencies\DotNetZip\Unity.VisualScripting.IonicZip.dll
Native extension for WindowsStandalone target not found
Refreshing native plugins compatible for Editor in 1.57 ms, found 3 plugins.
Preloading 0 native plugins for Editor in 0.00 ms.
Mono: successfully reloaded assembly
- Completed reload, in  1.912 seconds
Domain Reload Profiling:
	ReloadAssembly (1914ms)
		BeginReloadAssembly (224ms)
			ExecutionOrderSort (0ms)
			DisableScriptedObjects (11ms)
			BackupInstance (0ms)
			ReleaseScriptingObjects (0ms)
			CreateAndSetChildDomain (49ms)
		EndReloadAssembly (1515ms)
			LoadAssemblies (132ms)
			RebuildTransferFunctionScriptingTraits (0ms)
			SetupTypeCache (480ms)
			ReleaseScriptCaches (1ms)
			RebuildScriptCaches (122ms)
			SetupLoadedEditorAssemblies (720ms)
				LogAssemblyErrors (0ms)
				InitializePlatformSupportModulesInManaged (20ms)
				SetLoadedEditorAssemblies (1ms)
				RefreshPlugins (2ms)
				BeforeProcessingInitializeOnLoad (139ms)
				ProcessInitializeOnLoadAttributes (511ms)
				ProcessInitializeOnLoadMethodAttributes (43ms)
				AfterProcessingInitializeOnLoad (5ms)
				EditorAssembliesLoaded (0ms)
			ExecutionOrderSort2 (0ms)
			AwakeInstancesAfterBackupRestoration (10ms)
Platform modules already initialized, skipping
========================================================================
Worker process is ready to serve import requests
Launched and connected shader compiler UnityShaderCompiler.exe after 0.07 seconds
Refreshing native plugins compatible for Editor in 1.27 ms, found 3 plugins.
Preloading 0 native plugins for Editor in 0.00 ms.
Unloading 4138 Unused Serialized files (Serialized files now loaded: 0)
Unloading 30 unused Assets / (57.2 KB). Loaded Objects now: 4609.
Memory consumption went from 145.6 MB to 145.5 MB.
Total: 5.569300 ms (FindLiveObjects: 0.558800 ms CreateObjectMapping: 0.281000 ms MarkObjects: 4.604100 ms  DeleteObjects: 0.123300 ms)

AssetImportParameters requested are different than current active one (requested -> active):
  custom:video-decoder-ogg-theora: a1e56fd34408186e4bbccfd4996cb3dc -> 
  custom:container-muxer-webm: aa71ff27fc2769a1b78a27578f13a17b -> 
  custom:container-demuxer-webm: 4f35f7cbe854078d1ac9338744f61a02 -> 
  custom:video-encoder-webm-vp8: eb34c28f22e8b96e1ab97ce403110664 -> 
  custom:audio-encoder-webm-vorbis: bf7c407c2cedff20999df2af8eb42d56 -> 
  custom:framework-win-MediaFoundation: 216162199b28c13a410421893ffa2e32 -> 
  custom:container-demuxer-ogg: 62fdf1f143b41e24485cea50d1cbac27 -> 
  custom:video-decoder-webm-vp8: 9c59270c3fd7afecdb556c50c9e8de78 -> 
  custom:audio-decoder-ogg-vorbis: bf7c407c2cedff20999df2af8eb42d56 -> 
========================================================================
Received Import Request.
  Time since last request: 1385812.133921 seconds.
  path: Assets/_CrashyRacing/Materials
  artifactKey: Guid(0d1c5b1ebbb5d4f21b2cab6da3a54549) Importer(815301076,1909f56bfc062723c751e8b465ee728b)
Start importing Assets/_CrashyRacing/Materials using Guid(0d1c5b1ebbb5d4f21b2cab6da3a54549) Importer(815301076,1909f56bfc062723c751e8b465ee728b)  -> (artifact id: '9a063694e204127766828a024ca0a8a0') in 0.016191 seconds 
========================================================================
Received Import Request.
  Time since last request: 0.000039 seconds.
  path: Assets/_CrashyRacing/Models/Cars/Car_1/Materials/Car_1.png
  artifactKey: Guid(93aeb926af5ba324c85395edc5e1ebfc) Importer(815301076,1909f56bfc062723c751e8b465ee728b)
Start importing Assets/_CrashyRacing/Models/Cars/Car_1/Materials/Car_1.png using Guid(93aeb926af5ba324c85395edc5e1ebfc) Importer(815301076,1909f56bfc062723c751e8b465ee728b)  -> (artifact id: '2cbb0f64ca2f49ce48691a62a65843c1') in 0.535351 seconds 
========================================================================
Received Import Request.
  Time since last request: 0.000036 seconds.
  path: Assets/_CrashyRacing/Prefabs/MyPrefub/Country.prefab
  artifactKey: Guid(9e69ec1d05977fb428bb73992d4fc355) Importer(815301076,1909f56bfc062723c751e8b465ee728b)
Start importing Assets/_CrashyRacing/Prefabs/MyPrefub/Country.prefab using Guid(9e69ec1d05977fb428bb73992d4fc355) Importer(815301076,1909f56bfc062723c751e8b465ee728b)  -> (artifact id: 'd279b51a48176d1c53648062965b59d4') in 0.134627 seconds 
========================================================================
Received Import Request.
  Time since last request: 0.000041 seconds.
  path: Assets/_CrashyRacing/Models/Cars
  artifactKey: Guid(0d1c2930acf83694bb85af4dc189d7a4) Importer(815301076,1909f56bfc062723c751e8b465ee728b)
Start importing Assets/_CrashyRacing/Models/Cars using Guid(0d1c2930acf83694bb85af4dc189d7a4) Importer(815301076,1909f56bfc062723c751e8b465ee728b)  -> (artifact id: '9b89e21228d048a22d4f70624a3fe2d8') in 0.009471 seconds 
========================================================================
Received Import Request.
  Time since last request: 35.583262 seconds.
  path: Assets/_CrashyRacing/Models/Cars/Car_2
  artifactKey: Guid(d2022a2bba3f7b34bbd2c40fd61e7ebb) Importer(815301076,1909f56bfc062723c751e8b465ee728b)
Start importing Assets/_CrashyRacing/Models/Cars/Car_2 using Guid(d2022a2bba3f7b34bbd2c40fd61e7ebb) Importer(815301076,1909f56bfc062723c751e8b465ee728b)  -> (artifact id: 'f7923ca6423536b39d0bae4942d15deb') in 0.010061 seconds 
========================================================================
Received Import Request.
  Time since last request: 0.769821 seconds.
  path: Assets/_CrashyRacing/Models/Cars/Car_2/Materials
  artifactKey: Guid(8ffd4820e624a8243ab7c997ddf6c8a6) Importer(815301076,1909f56bfc062723c751e8b465ee728b)
Start importing Assets/_CrashyRacing/Models/Cars/Car_2/Materials using Guid(8ffd4820e624a8243ab7c997ddf6c8a6) Importer(815301076,1909f56bfc062723c751e8b465ee728b)  -> (artifact id: '7518de1d5c0366a04abd501d1915e228') in 0.005451 seconds 
========================================================================
Received Import Request.
  Time since last request: 5.199057 seconds.
  path: Assets/_CrashyRacing/Models/Cars/Car_3
  artifactKey: Guid(16a7e912989e41349a708eb15ca51a2e) Importer(815301076,1909f56bfc062723c751e8b465ee728b)
Start importing Assets/_CrashyRacing/Models/Cars/Car_3 using Guid(16a7e912989e41349a708eb15ca51a2e) Importer(815301076,1909f56bfc062723c751e8b465ee728b)  -> (artifact id: '0fd819e1bb04254287e3dfaf1135d493') in 0.035620 seconds 
========================================================================
Received Import Request.
  Time since last request: 0.921240 seconds.
  path: Assets/_CrashyRacing/Models/Cars/Car_3/Materials
  artifactKey: Guid(229306e111d62e4429227fadd0a5b2ab) Importer(815301076,1909f56bfc062723c751e8b465ee728b)
Start importing Assets/_CrashyRacing/Models/Cars/Car_3/Materials using Guid(229306e111d62e4429227fadd0a5b2ab) Importer(815301076,1909f56bfc062723c751e8b465ee728b)  -> (artifact id: '74e24a7f8e47565b95dffaad4cf57895') in 0.005579 seconds 
========================================================================
Received Import Request.
  Time since last request: 0.863122 seconds.
  path: Assets/_CrashyRacing/Models/Cars/Car_3/Materials/Car_3.png
  artifactKey: Guid(52e6a86c4071c4a4187b89ae65e68db3) Importer(815301076,1909f56bfc062723c751e8b465ee728b)
Start importing Assets/_CrashyRacing/Models/Cars/Car_3/Materials/Car_3.png using Guid(52e6a86c4071c4a4187b89ae65e68db3) Importer(815301076,1909f56bfc062723c751e8b465ee728b)  -> (artifact id: '94c8eeeb7b6b3104b9e1265ea5f504e8') in 0.015238 seconds 
========================================================================
Received Import Request.
  Time since last request: 18.487762 seconds.
  path: Assets/_CrashyRacing/Models/Cars/Car_5
  artifactKey: Guid(4aae4cc934a6e54408449c16e541ac04) Importer(815301076,1909f56bfc062723c751e8b465ee728b)
Start importing Assets/_CrashyRacing/Models/Cars/Car_5 using Guid(4aae4cc934a6e54408449c16e541ac04) Importer(815301076,1909f56bfc062723c751e8b465ee728b)  -> (artifact id: 'b175d0f74d8b745b4df3e941957c86c8') in 0.020477 seconds 
========================================================================
Received Import Request.
  Time since last request: 0.945060 seconds.
  path: Assets/_CrashyRacing/Models/Cars/Car_5/Materials
  artifactKey: Guid(4276a5a490ca6e74c93d4c97571f6a88) Importer(815301076,1909f56bfc062723c751e8b465ee728b)
Start importing Assets/_CrashyRacing/Models/Cars/Car_5/Materials using Guid(4276a5a490ca6e74c93d4c97571f6a88) Importer(815301076,1909f56bfc062723c751e8b465ee728b)  -> (artifact id: 'f6d8f538eea094bd83b5c76f457b9fe9') in 0.004963 seconds 
========================================================================
Received Import Request.
  Time since last request: 0.927225 seconds.
  path: Assets/_CrashyRacing/Models/Cars/Car_5/Materials/Car_5.png
  artifactKey: Guid(011216a76ede1ba4bb5e12ae4f341561) Importer(815301076,1909f56bfc062723c751e8b465ee728b)
Start importing Assets/_CrashyRacing/Models/Cars/Car_5/Materials/Car_5.png using Guid(011216a76ede1ba4bb5e12ae4f341561) Importer(815301076,1909f56bfc062723c751e8b465ee728b)  -> (artifact id: '3520a65e36b57d5c72b717fd14647600') in 0.020013 seconds 
========================================================================
Received Import Request.
  Time since last request: 17.097894 seconds.
  path: Assets/_CrashyRacing/Models/Cars/Car_6
  artifactKey: Guid(993aec8cc303e3641b1ea4a1e7a7a60d) Importer(815301076,1909f56bfc062723c751e8b465ee728b)
Start importing Assets/_CrashyRacing/Models/Cars/Car_6 using Guid(993aec8cc303e3641b1ea4a1e7a7a60d) Importer(815301076,1909f56bfc062723c751e8b465ee728b)  -> (artifact id: 'e2eeba75dc5a9e593d94761adba5c34b') in 0.008828 seconds 
========================================================================
Received Import Request.
  Time since last request: 1.161163 seconds.
  path: Assets/_CrashyRacing/Models/Cars/Car_6/Materials
  artifactKey: Guid(32ae8cfc7a9b23141b455b056635cde0) Importer(815301076,1909f56bfc062723c751e8b465ee728b)
Start importing Assets/_CrashyRacing/Models/Cars/Car_6/Materials using Guid(32ae8cfc7a9b23141b455b056635cde0) Importer(815301076,1909f56bfc062723c751e8b465ee728b)  -> (artifact id: 'd091af6c6c000d12abaff5c824ebb559') in 0.003147 seconds 
========================================================================
Received Import Request.
  Time since last request: 0.720341 seconds.
  path: Assets/_CrashyRacing/Models/Cars/Car_6/Materials/Car_6.png
  artifactKey: Guid(3d4e9348ab37c3640855e102a2c099dc) Importer(815301076,1909f56bfc062723c751e8b465ee728b)
Start importing Assets/_CrashyRacing/Models/Cars/Car_6/Materials/Car_6.png using Guid(3d4e9348ab37c3640855e102a2c099dc) Importer(815301076,1909f56bfc062723c751e8b465ee728b)  -> (artifact id: '2cd6947998875ffa13e71165adf8c892') in 0.017346 seconds 
========================================================================
Received Import Request.
  Time since last request: 10.046545 seconds.
  path: Assets/_CrashyRacing/Models/Cars/Car_7
  artifactKey: Guid(9a54160f42553d645ac361da1312ab78) Importer(815301076,1909f56bfc062723c751e8b465ee728b)
Start importing Assets/_CrashyRacing/Models/Cars/Car_7 using Guid(9a54160f42553d645ac361da1312ab78) Importer(815301076,1909f56bfc062723c751e8b465ee728b)  -> (artifact id: '2df8ea933403d045502ad2085edd6cef') in 0.007338 seconds 
========================================================================
Received Import Request.
  Time since last request: 0.624096 seconds.
  path: Assets/_CrashyRacing/Models/Cars/Car_7/Car_7.fbx
  artifactKey: Guid(e464095ece71b0c49889f1f8db2da380) Importer(815301076,1909f56bfc062723c751e8b465ee728b)
Start importing Assets/_CrashyRacing/Models/Cars/Car_7/Car_7.fbx using Guid(e464095ece71b0c49889f1f8db2da380) Importer(815301076,1909f56bfc062723c751e8b465ee728b)  -> (artifact id: '66033751fe4cebd4f9ced22449f97a25') in 0.401144 seconds 
========================================================================
Received Import Request.
  Time since last request: 0.221491 seconds.
  path: Assets/_CrashyRacing/Models/Cars/Car_7/Materials
  artifactKey: Guid(e9a9aba9d672f834f8c6b6f7eceb56d6) Importer(815301076,1909f56bfc062723c751e8b465ee728b)
Start importing Assets/_CrashyRacing/Models/Cars/Car_7/Materials using Guid(e9a9aba9d672f834f8c6b6f7eceb56d6) Importer(815301076,1909f56bfc062723c751e8b465ee728b)  -> (artifact id: 'acb12e50b16cd2be7c1331894abacbce') in 0.002779 seconds 
========================================================================
Received Import Request.
  Time since last request: 1.355670 seconds.
  path: Assets/_CrashyRacing/Models/Cars/Car_7/Materials/Car_7.png
  artifactKey: Guid(cf8e9b53d4c7fd941b54810decb3ddb2) Importer(815301076,1909f56bfc062723c751e8b465ee728b)
Start importing Assets/_CrashyRacing/Models/Cars/Car_7/Materials/Car_7.png using Guid(cf8e9b53d4c7fd941b54810decb3ddb2) Importer(815301076,1909f56bfc062723c751e8b465ee728b)  -> (artifact id: 'ddc6c40396cb3b2b67dac7806188110c') in 0.012426 seconds 
========================================================================
Received Import Request.
  Time since last request: 12.410634 seconds.
  path: Assets/_CrashyRacing/Models/Cars/Car_8
  artifactKey: Guid(b7c701b4895369b4b8275dc535a2be5f) Importer(815301076,1909f56bfc062723c751e8b465ee728b)
Start importing Assets/_CrashyRacing/Models/Cars/Car_8 using Guid(b7c701b4895369b4b8275dc535a2be5f) Importer(815301076,1909f56bfc062723c751e8b465ee728b)  -> (artifact id: '6bd66ee08c94bfcb2a9e9509c84da556') in 0.008779 seconds 
========================================================================
Received Import Request.
  Time since last request: 1.397034 seconds.
  path: Assets/_CrashyRacing/Models/Cars/Car_8/Materials
  artifactKey: Guid(5d47836d6ab30a34d9cd6831808eee64) Importer(815301076,1909f56bfc062723c751e8b465ee728b)
Start importing Assets/_CrashyRacing/Models/Cars/Car_8/Materials using Guid(5d47836d6ab30a34d9cd6831808eee64) Importer(815301076,1909f56bfc062723c751e8b465ee728b)  -> (artifact id: '91dfbb696163fcb68716b916d63a7d36') in 0.013353 seconds 
========================================================================
Received Import Request.
  Time since last request: 3.993722 seconds.
  path: Assets/_CrashyRacing/Models/Cars/Car_9
  artifactKey: Guid(c31344ef1878d6e47bcb8b7019a91952) Importer(815301076,1909f56bfc062723c751e8b465ee728b)
Start importing Assets/_CrashyRacing/Models/Cars/Car_9 using Guid(c31344ef1878d6e47bcb8b7019a91952) Importer(815301076,1909f56bfc062723c751e8b465ee728b)  -> (artifact id: '302fe4e2c0e1f324db304b6063c502a9') in 0.013999 seconds 
========================================================================
Received Import Request.
  Time since last request: 1.080797 seconds.
  path: Assets/_CrashyRacing/Models/Cars/Car_9/Materials
  artifactKey: Guid(111ae1c109b2fa749b9c749c16beea6f) Importer(815301076,1909f56bfc062723c751e8b465ee728b)
Start importing Assets/_CrashyRacing/Models/Cars/Car_9/Materials using Guid(111ae1c109b2fa749b9c749c16beea6f) Importer(815301076,1909f56bfc062723c751e8b465ee728b)  -> (artifact id: '0a8b5774bd659073ed546fde18c63c2b') in 0.006597 seconds 
========================================================================
Received Import Request.
  Time since last request: 0.817383 seconds.
  path: Assets/_CrashyRacing/Models/Cars/Car_9/Materials/Car_9.png
  artifactKey: Guid(273e5030180520e47add9bc25edd5036) Importer(815301076,1909f56bfc062723c751e8b465ee728b)
Start importing Assets/_CrashyRacing/Models/Cars/Car_9/Materials/Car_9.png using Guid(273e5030180520e47add9bc25edd5036) Importer(815301076,1909f56bfc062723c751e8b465ee728b)  -> (artifact id: '4087604a6372c920a5045cfbb2766a46') in 0.012911 seconds 
========================================================================
Received Import Request.
  Time since last request: 15.204306 seconds.
  path: Assets/_CrashyRacing/Models/Cars/Car_10
  artifactKey: Guid(1b512fe21320d744ca64aeb0415a7da3) Importer(815301076,1909f56bfc062723c751e8b465ee728b)
Start importing Assets/_CrashyRacing/Models/Cars/Car_10 using Guid(1b512fe21320d744ca64aeb0415a7da3) Importer(815301076,1909f56bfc062723c751e8b465ee728b)  -> (artifact id: 'cf7e86736fd231a36828e50c3ffe0c37') in 0.010030 seconds 
========================================================================
Received Import Request.
  Time since last request: 1.036257 seconds.
  path: Assets/_CrashyRacing/Models/Cars/Car_10/Materials
  artifactKey: Guid(9b838ee366bbf774a8ce2171335f39fc) Importer(815301076,1909f56bfc062723c751e8b465ee728b)
Start importing Assets/_CrashyRacing/Models/Cars/Car_10/Materials using Guid(9b838ee366bbf774a8ce2171335f39fc) Importer(815301076,1909f56bfc062723c751e8b465ee728b)  -> (artifact id: '0e9001017e6150920dba51122252a31b') in 0.006331 seconds 
========================================================================
Received Import Request.
  Time since last request: 1.001670 seconds.
  path: Assets/_CrashyRacing/Models/Cars/Car_10/Materials/Car_10.png
  artifactKey: Guid(b98c7fa77f79b4948bdddd1898f0e96b) Importer(815301076,1909f56bfc062723c751e8b465ee728b)
Start importing Assets/_CrashyRacing/Models/Cars/Car_10/Materials/Car_10.png using Guid(b98c7fa77f79b4948bdddd1898f0e96b) Importer(815301076,1909f56bfc062723c751e8b465ee728b)  -> (artifact id: '5b1298595f635cdfb45fb2b79c23b7fa') in 0.016289 seconds 
========================================================================
Received Import Request.
  Time since last request: 9.182724 seconds.
  path: Assets/_CrashyRacing/Models/Cars/Car_14
  artifactKey: Guid(55e880646c93e2c4cba6e35703b3cbfb) Importer(815301076,1909f56bfc062723c751e8b465ee728b)
Start importing Assets/_CrashyRacing/Models/Cars/Car_14 using Guid(55e880646c93e2c4cba6e35703b3cbfb) Importer(815301076,1909f56bfc062723c751e8b465ee728b)  -> (artifact id: '3909f21fde806e15c648c6e321f5fc3e') in 0.019571 seconds 
========================================================================
Received Import Request.
  Time since last request: 1.410632 seconds.
  path: Assets/_CrashyRacing/Models/Cars/Car_14/Materials
  artifactKey: Guid(c5e7db4c6052ad64d840c1f4dc6a2f0d) Importer(815301076,1909f56bfc062723c751e8b465ee728b)
Start importing Assets/_CrashyRacing/Models/Cars/Car_14/Materials using Guid(c5e7db4c6052ad64d840c1f4dc6a2f0d) Importer(815301076,1909f56bfc062723c751e8b465ee728b)  -> (artifact id: 'd5c5eda26067f79816feab23696f7e6b') in 0.002530 seconds 
========================================================================
Received Import Request.
  Time since last request: 0.894913 seconds.
  path: Assets/_CrashyRacing/Models/Cars/Car_14/Materials/Car_14.png
  artifactKey: Guid(b6f6387d80b2f3e4bad9cb980efcdc0c) Importer(815301076,1909f56bfc062723c751e8b465ee728b)
Start importing Assets/_CrashyRacing/Models/Cars/Car_14/Materials/Car_14.png using Guid(b6f6387d80b2f3e4bad9cb980efcdc0c) Importer(815301076,1909f56bfc062723c751e8b465ee728b)  -> (artifact id: 'e365288ab1060498cc567312ac700b0d') in 0.013345 seconds 
========================================================================
Received Import Request.
  Time since last request: 3.065288 seconds.
  path: Assets/_CrashyRacing/Models/Cars/Car_20
  artifactKey: Guid(53057a025eed7ea42ad2527769fd42e4) Importer(815301076,1909f56bfc062723c751e8b465ee728b)
Start importing Assets/_CrashyRacing/Models/Cars/Car_20 using Guid(53057a025eed7ea42ad2527769fd42e4) Importer(815301076,1909f56bfc062723c751e8b465ee728b)  -> (artifact id: '3218bb62bdd6161bd1c3b3797ad86d1c') in 0.007202 seconds 
========================================================================
Received Import Request.
  Time since last request: 0.854907 seconds.
  path: Assets/_CrashyRacing/Models/Cars/Car_20/Car_20.fbx
  artifactKey: Guid(4f0f23e807614d34c825d36659f50ca6) Importer(815301076,1909f56bfc062723c751e8b465ee728b)
Start importing Assets/_CrashyRacing/Models/Cars/Car_20/Car_20.fbx using Guid(4f0f23e807614d34c825d36659f50ca6) Importer(815301076,1909f56bfc062723c751e8b465ee728b)  -> (artifact id: 'e9d841fb2cb7a22cdf12cd94b020d25b') in 0.037805 seconds 
========================================================================
Received Import Request.
  Time since last request: 1.288495 seconds.
  path: Assets/_CrashyRacing/Models/Cars/Car_20/Materials
  artifactKey: Guid(11532808bf32b9a4ab58adb9b642e253) Importer(815301076,1909f56bfc062723c751e8b465ee728b)
Start importing Assets/_CrashyRacing/Models/Cars/Car_20/Materials using Guid(11532808bf32b9a4ab58adb9b642e253) Importer(815301076,1909f56bfc062723c751e8b465ee728b)  -> (artifact id: '3810c51b905a33b7938febed5ef8b62c') in 0.003315 seconds 
========================================================================
Received Import Request.
  Time since last request: 1.709575 seconds.
  path: Assets/_CrashyRacing/Models/Cars/Car_20/Materials/Car_20.png
  artifactKey: Guid(904259eeaa299064597adbedd751f2e2) Importer(815301076,1909f56bfc062723c751e8b465ee728b)
Start importing Assets/_CrashyRacing/Models/Cars/Car_20/Materials/Car_20.png using Guid(904259eeaa299064597adbedd751f2e2) Importer(815301076,1909f56bfc062723c751e8b465ee728b)  -> (artifact id: '0383e791c404657f735f1103c1d2a6fe') in 0.017259 seconds 
========================================================================
Received Import Request.
  Time since last request: 18.159267 seconds.
  path: Assets/_CrashyRacing/Models/Cars/Car_21
  artifactKey: Guid(55ea84abbc409884c81fd86a674b02db) Importer(815301076,1909f56bfc062723c751e8b465ee728b)
Start importing Assets/_CrashyRacing/Models/Cars/Car_21 using Guid(55ea84abbc409884c81fd86a674b02db) Importer(815301076,1909f56bfc062723c751e8b465ee728b)  -> (artifact id: '6630685d71f5068d831ffc5b8866bd96') in 0.008653 seconds 
========================================================================
Received Import Request.
  Time since last request: 0.829927 seconds.
  path: Assets/_CrashyRacing/Models/Cars/Car_21/Materials
  artifactKey: Guid(5683b45c9b23b2d4982746580bbbee05) Importer(815301076,1909f56bfc062723c751e8b465ee728b)
Start importing Assets/_CrashyRacing/Models/Cars/Car_21/Materials using Guid(5683b45c9b23b2d4982746580bbbee05) Importer(815301076,1909f56bfc062723c751e8b465ee728b)  -> (artifact id: 'a9d182b0906a536ed2b5acf25fb5b62e') in 0.023764 seconds 
========================================================================
Received Import Request.
  Time since last request: 1.092854 seconds.
  path: Assets/_CrashyRacing/Models/Cars/Car_21/Materials/Car_21.png
  artifactKey: Guid(6fca0deeeddd8314186bce508fbfeea4) Importer(815301076,1909f56bfc062723c751e8b465ee728b)
Start importing Assets/_CrashyRacing/Models/Cars/Car_21/Materials/Car_21.png using Guid(6fca0deeeddd8314186bce508fbfeea4) Importer(815301076,1909f56bfc062723c751e8b465ee728b)  -> (artifact id: 'c6cb1dfa3267286236b4ec2b1c1ae02a') in 0.017657 seconds 
========================================================================
Received Import Request.
  Time since last request: 8.019113 seconds.
  path: Assets/_CrashyRacing/Models/Cars/Car_22
  artifactKey: Guid(89e54810e85af8f48bd31ccfeb126255) Importer(815301076,1909f56bfc062723c751e8b465ee728b)
Start importing Assets/_CrashyRacing/Models/Cars/Car_22 using Guid(89e54810e85af8f48bd31ccfeb126255) Importer(815301076,1909f56bfc062723c751e8b465ee728b)  -> (artifact id: '528e25afd31735be2f21fe23f82f25ce') in 0.008506 seconds 
========================================================================
Received Import Request.
  Time since last request: 0.833444 seconds.
  path: Assets/_CrashyRacing/Models/Cars/Car_22/Materials
  artifactKey: Guid(4add0b4f795db3c4eaad7e79d715ee46) Importer(815301076,1909f56bfc062723c751e8b465ee728b)
Start importing Assets/_CrashyRacing/Models/Cars/Car_22/Materials using Guid(4add0b4f795db3c4eaad7e79d715ee46) Importer(815301076,1909f56bfc062723c751e8b465ee728b)  -> (artifact id: '4838829db2e20b94432180d1dd15d0cd') in 0.003258 seconds 
========================================================================
Received Import Request.
  Time since last request: 0.908270 seconds.
  path: Assets/_CrashyRacing/Models/Cars/Car_22/Materials/Car_22.png
  artifactKey: Guid(cdd3a47c0ec334c48be226044e6b177e) Importer(815301076,1909f56bfc062723c751e8b465ee728b)
Start importing Assets/_CrashyRacing/Models/Cars/Car_22/Materials/Car_22.png using Guid(cdd3a47c0ec334c48be226044e6b177e) Importer(815301076,1909f56bfc062723c751e8b465ee728b)  -> (artifact id: '039a123cafb86692e60ab9e8db8c5518') in 0.012502 seconds 
========================================================================
Received Import Request.
  Time since last request: 3.086860 seconds.
  path: Assets/_CrashyRacing/Models/Cars/Car_24
  artifactKey: Guid(3c2d50b311c860b4993a77d6a5bf74c9) Importer(815301076,1909f56bfc062723c751e8b465ee728b)
Start importing Assets/_CrashyRacing/Models/Cars/Car_24 using Guid(3c2d50b311c860b4993a77d6a5bf74c9) Importer(815301076,1909f56bfc062723c751e8b465ee728b)  -> (artifact id: '184753e7722a4ca08e6c028c475a251d') in 0.009023 seconds 
========================================================================
Received Import Request.
  Time since last request: 1.057560 seconds.
  path: Assets/_CrashyRacing/Models/Cars/Car_24/Materials
  artifactKey: Guid(3c58603a7875dcf4c97d67cbd6dc8bdd) Importer(815301076,1909f56bfc062723c751e8b465ee728b)
Start importing Assets/_CrashyRacing/Models/Cars/Car_24/Materials using Guid(3c58603a7875dcf4c97d67cbd6dc8bdd) Importer(815301076,1909f56bfc062723c751e8b465ee728b)  -> (artifact id: '1b584c381824252990fcac30ed8a9377') in 0.004384 seconds 
========================================================================
Received Import Request.
  Time since last request: 0.855036 seconds.
  path: Assets/_CrashyRacing/Models/Cars/Car_24/Materials/Car_24.png
  artifactKey: Guid(0b3961236edddaa40aabcae112305fc0) Importer(815301076,1909f56bfc062723c751e8b465ee728b)
Start importing Assets/_CrashyRacing/Models/Cars/Car_24/Materials/Car_24.png using Guid(0b3961236edddaa40aabcae112305fc0) Importer(815301076,1909f56bfc062723c751e8b465ee728b)  -> (artifact id: 'fdf01c2eb0d11e6739d3d392549fa83d') in 0.013715 seconds 
========================================================================
Received Import Request.
  Time since last request: 13.556109 seconds.
  path: Assets/_CrashyRacing/Models/Cars/Car_45
  artifactKey: Guid(4b72632348158894bab9ed053445c0de) Importer(815301076,1909f56bfc062723c751e8b465ee728b)
Start importing Assets/_CrashyRacing/Models/Cars/Car_45 using Guid(4b72632348158894bab9ed053445c0de) Importer(815301076,1909f56bfc062723c751e8b465ee728b)  -> (artifact id: '70bd17d502b703c7a028bbfa33f37971') in 0.012509 seconds 
========================================================================
Received Import Request.
  Time since last request: 0.680368 seconds.
  path: Assets/_CrashyRacing/Models/Cars/Car_45/Materials
  artifactKey: Guid(957a8118baae84946bd71b843898714e) Importer(815301076,1909f56bfc062723c751e8b465ee728b)
Start importing Assets/_CrashyRacing/Models/Cars/Car_45/Materials using Guid(957a8118baae84946bd71b843898714e) Importer(815301076,1909f56bfc062723c751e8b465ee728b)  -> (artifact id: 'fcf9159b196d2220676a93045b474a29') in 0.002858 seconds 
========================================================================
Received Import Request.
  Time since last request: 0.834204 seconds.
  path: Assets/_CrashyRacing/Models/Cars/Car_45/Materials/Car_45.png
  artifactKey: Guid(2cacc8f2a29b65947a75532c34a14e1c) Importer(815301076,1909f56bfc062723c751e8b465ee728b)
Start importing Assets/_CrashyRacing/Models/Cars/Car_45/Materials/Car_45.png using Guid(2cacc8f2a29b65947a75532c34a14e1c) Importer(815301076,1909f56bfc062723c751e8b465ee728b)  -> (artifact id: '19090c3149a99d5a3ef1e7e9204a42ce') in 0.013933 seconds 
========================================================================
Received Import Request.
  Time since last request: 6.369057 seconds.
  path: Assets/_CrashyRacing/Models/Cars/Car_46
  artifactKey: Guid(3906943f504d35e4b87fd089f5a89bc7) Importer(815301076,1909f56bfc062723c751e8b465ee728b)
Start importing Assets/_CrashyRacing/Models/Cars/Car_46 using Guid(3906943f504d35e4b87fd089f5a89bc7) Importer(815301076,1909f56bfc062723c751e8b465ee728b)  -> (artifact id: '7cef372863324543c7306aacd1a31024') in 0.007393 seconds 
========================================================================
Received Import Request.
  Time since last request: 1.053973 seconds.
  path: Assets/_CrashyRacing/Models/Cars/Car_46/Materials
  artifactKey: Guid(0b1f917f6dca61147a67fc6276eb368f) Importer(815301076,1909f56bfc062723c751e8b465ee728b)
Start importing Assets/_CrashyRacing/Models/Cars/Car_46/Materials using Guid(0b1f917f6dca61147a67fc6276eb368f) Importer(815301076,1909f56bfc062723c751e8b465ee728b)  -> (artifact id: '99531001c7797c68702d576f16c7f507') in 0.003064 seconds 
========================================================================
Received Import Request.
  Time since last request: 0.922200 seconds.
  path: Assets/_CrashyRacing/Models/Cars/Car_46/Materials/Car_46.png
  artifactKey: Guid(685f852edc4a2ee4a902e91494d41cbe) Importer(815301076,1909f56bfc062723c751e8b465ee728b)
Start importing Assets/_CrashyRacing/Models/Cars/Car_46/Materials/Car_46.png using Guid(685f852edc4a2ee4a902e91494d41cbe) Importer(815301076,1909f56bfc062723c751e8b465ee728b)  -> (artifact id: '109d28c93997ec865caf265e05be44b6') in 0.019223 seconds 
========================================================================
Received Import Request.
  Time since last request: 2.547671 seconds.
  path: Assets/_CrashyRacing/Models/Cars/Car_47
  artifactKey: Guid(dc5dc712876c3094f82c77dd9a6386de) Importer(815301076,1909f56bfc062723c751e8b465ee728b)
Start importing Assets/_CrashyRacing/Models/Cars/Car_47 using Guid(dc5dc712876c3094f82c77dd9a6386de) Importer(815301076,1909f56bfc062723c751e8b465ee728b)  -> (artifact id: '802ba7502e252f3cdf0d681e5c187b5f') in 0.008100 seconds 
========================================================================
Received Import Request.
  Time since last request: 0.942769 seconds.
  path: Assets/_CrashyRacing/Models/Cars/Car_47/Materials
  artifactKey: Guid(7c180733f0fa1ff4fa551db5b2b22c7f) Importer(815301076,1909f56bfc062723c751e8b465ee728b)
Start importing Assets/_CrashyRacing/Models/Cars/Car_47/Materials using Guid(7c180733f0fa1ff4fa551db5b2b22c7f) Importer(815301076,1909f56bfc062723c751e8b465ee728b)  -> (artifact id: 'b41f8627a02f540cf6c6b8e15c1aa2af') in 0.013501 seconds 
========================================================================
Received Import Request.
  Time since last request: 0.807880 seconds.
  path: Assets/_CrashyRacing/Models/Cars/Car_47/Materials/Car_47.png
  artifactKey: Guid(735578fd54fe9bd4683683c4ae452caa) Importer(815301076,1909f56bfc062723c751e8b465ee728b)
Start importing Assets/_CrashyRacing/Models/Cars/Car_47/Materials/Car_47.png using Guid(735578fd54fe9bd4683683c4ae452caa) Importer(815301076,1909f56bfc062723c751e8b465ee728b)  -> (artifact id: '21559c7f108f3086c08d1290ab4246a6') in 0.013527 seconds 
========================================================================
Received Import Request.
  Time since last request: 5.380233 seconds.
  path: Assets/_CrashyRacing/Models/Cars/Car_49
  artifactKey: Guid(d29bfcabb3f9a35428d5aa25e4e5a4f3) Importer(815301076,1909f56bfc062723c751e8b465ee728b)
Start importing Assets/_CrashyRacing/Models/Cars/Car_49 using Guid(d29bfcabb3f9a35428d5aa25e4e5a4f3) Importer(815301076,1909f56bfc062723c751e8b465ee728b)  -> (artifact id: 'c38ed01f82a19ce3a7517776bee15f7b') in 0.007988 seconds 
